0 11.88 VMNILLQYV *
2 11.572647995847039 VMKILVTYV
2 7.523147940815541 VMLILQLYV
2 11.875034270840507 VMAILYVYV
2 11.813778716223423 VMVILICYV
2 11.566947093326062 VMHILVVYV
2 11.798192644793055 VMTILGEYV
2 7.290697916162457 VMWILIPYV *
4 7.270967173326563 AMWIAVPYV
4 3.0827998843388658 MMWIFLPYV
4 2.838785096147265 YMWINPPYV
4 7.279065934150875 NMWIPVPYV
4 2.702556725194328 IMWIYVPYV *
5 2.419282551404083 IMDGYIPYV *
5 2.679269538247662 IMLDYQPYV
6 2.317163438208417 IMFGYVVYV *
13 2.250073652539998 ILFGKIVYV *
14 2.110445121248401 ILYPFIVYV *
14 2.2574724906646373 ILYDVIVYV
77 2.1149114030042764 YLYPFIFQV *
133 2.017287166738547 RLYPRIFYV *
194 1.9886696156062125 RLFPYVFYV *
253 2.000176255669772 RLFDFVFYV *
258 2.0071680714143776 RLYDFIFYV *
273 1.993772925469509 RLYEFIFTV *
273 2.0984166331547414 RLYPFIFQV
275 1.9640005567035879 RLYPFIFTL *
276 1.967610822100463 RLFDFIFTL *
278 1.9575588357874532 ILFPFIFTL *
305 1.9635069219111776 ILFPFIFYV *
357 1.9617273686510646 ILFDFIFTV *
391 1.9509827024367807 RLFGFIFTV *
407 1.947124710476464 RLFPRIFTV *
414 1.9251109353773805 RLFPFVFTV *
460 1.9255171223553484 ILFPFIFTV *
460 1.9452622172530096 YLFPFPFTV
469 1.9482215827439762 YLFPFIFTL *
470 1.9409237456277912 YLFPYIFTV *
471 2.0042553869088415 YLFDYPFTV *
473 1.9443443796170525 YLFPFPFTV *
473 1.9940258137704858 YLFGFPFTV
485 1.948476487846315 YLFPFIFTL *
488 1.9483536978395262 YLYPFIFTV *
594 1.945169814314159 YLFPFPFTV *
616 1.9257377827469904 RLFPFVFTV *
701 1.9257688006935407 RLFPYIFTV *
707 1.953486017157634 RLFPFIRTV *
725 1.93297400559739 RLYPFIFTV *
746 1.9172356532721453 YLFPFIFTV *
758 1.9447977405322996 YLFPFPFTV *
760 1.9417936915248053 YLFPFVFTV
760 1.9172022594677005 YLFPFIFTV *
760 1.9172022594677005 YLFPFIFTV *
760 1.9172022594677005 YLFPFIFTV *
764 1.9415914320571048 YLFPFVFTV *
765 1.9174085679428952 YLFPFIFTV *
765 1.9174085679428952 YLFPFIFTV *
765 1.9174085679428952 YLFPFIFTV *
768 1.9415914320571048 YLFPFVFTV *
768 1.9415914320571048 YLFPFVFTV *
771 1.9728661898816433 YLFPFVFTL *
777 1.9411338101183566 YLFPFVFTV *
779 1.9452063084751947 YLFPFPFTV *
779 1.9452063084751947 YLFPFPFTV *
781 1.9289271933053913 RLFPFPFTV *
789 1.9011585841642409 RLFPFIFTV *
789 1.9011585841642409 RLFPFIFTV *
789 1.9011585841642409 RLFPFIFTV *
789 1.9011585841642409 RLFPFIFTV *
790 1.9364534293479239 RLFDFIFTV *
793 1.900546570652076 RLFPFIFTV *
793 1.95096293007559 RLFGFIFTV
795 1.93252717558988 RLFPFIFTL *
800 1.9004728244101199 RLFPFIFTV *
800 1.9004728244101199 RLFPFIFTV *
800 1.9004728244101199 RLFPFIFTV *
800 1.9004728244101199 RLFPFIFTV *
801 1.9251691276327068 ILFPFIFTV *
806 1.9525210259689298 ILFPFPFTV *
808 1.9291512622341227 RLFPFPFTV *
808 2.0152648517764558 LLFPFPFTV
811 1.925810589441599 RLFPFVFTV
811 1.9011585841642409 RLFPFIFTV *
811 1.9011585841642409 RLFPFIFTV *
811 1.9011585841642409 RLFPFIFTV *
812 1.9328808287259232 RLYPFIFTV *
815 1.948863579490286 YLYPFIFTV *
822 1.9879511745655718 YLYPFIFYV *
830 2.0128610834700686 YLYPFVFYV *
836 1.9871389165299314 YLYPFIFYV *
836 1.9871389165299314 YLYPFIFYV *
836 1.9871389165299314 YLYPFIFYV *
838 1.9490488254344283 YLYPFIFTV *
838 1.9490488254344283 YLYPFIFTV *
839 1.9173720737818594 YLFPFIFTV *
839 1.9649088528710863 YLLPFIFTV
840 1.9008835180019317 RLFPFIFTV *
853 1.9171164819980684 YLFPFIFTV *
858 1.9008835180019317 RLFPFIFTV *
862 1.9171164819980684 YLFPFIFTV *
865 1.9486279262181407 YLYPFIFTV *
867 1.9173720737818594 YLFPFIFTV *
867 1.9173720737818594 YLFPFIFTV *
874 1.9415914320571048 YLFPFVFTV *
877 1.9728661898816433 YLFPFVFTL *
878 2.00372976075374 YLYPFVFTL *
879 1.97227023924626 YLFPFVFTL *
881 1.9411338101183566 YLFPFVFTV *
881 1.9411338101183566 YLFPFVFTV *
881 1.9411338101183566 YLFPFVFTV *
881 1.9411338101183566 YLFPFVFTV *
888 1.9174085679428952 YLFPFIFTV *
888 1.9174085679428952 YLFPFIFTV *
888 1.9174085679428952 YLFPFIFTV *
897 1.9250526456346384 ILFPFIFTV *
909 1.9169473543653617 YLFPFIFTV *
909 1.9169473543653617 YLFPFIFTV *
917 1.9250526456346384 ILFPFIFTV *
918 1.9169473543653617 YLFPFIFTV
918 1.9169473543653617 YLFPFIFTV
918 1.9169473543653617 RLFPFIFTV *
918 1.9169473543653617 YLFPFIFTV
919 1.93252717558988 RLFPFIFTL *
923 1.9478635347868027 YLFPFIFTL *
924 1.9167257716213855 YLFPFIFTV *
924 1.9167257716213855 YLFPFIFTV *
924 1.9167257716213855 YLFPFIFTV *
924 1.9167257716213855 YLFPFIFTV *
924 1.9167257716213855 YLFPFIFTV *
924 1.9167257716213855 YLFPFIFTV *
933 1.9008835180019317 RLFPFIFTV *
935 1.9171164819980684 YLFPFIFTV *
936 1.9482742283786145 YLFPFIFTL *
937 1.9167257716213855 YLFPFIFTV *
937 1.9167257716213855 YLFPFIFTV *
937 1.9167257716213855 YLFPFIFTV *
937 1.9167257716213855 YLFPFIFTV *
942 1.9250526456346384 ILFPFIFTV *
946 1.9493093977791893 ILFPFVFTV *
952 1.9251734798654623 RLFPFVFTV *
952 1.9412293886432772 YLFPFVFTV
953 1.9420559087778149 YLFPFVFTV *
965 1.9174085679428952 YLFPFIFTV *
965 1.9452063084751947 YLFPFPFTV
965 1.9452063084751947 YLFPFPFTV
970 1.9486279262181407 YLYPFIFTV *
974 1.9331364205097141 RLYPFIFTV *
974 1.9331364205097141 RLYPFIFTV *
974 1.9331364205097141 RLYPFIFTV *
974 1.9331364205097141 ILYPFIFTV
979 1.9576649841887581 RLYPFVFTV *
981 1.9729923553253232 YLYPFVFTV *
982 1.9411697458151689 YLFPFVFTV *
982 1.9411697458151689 YLFPFVFTV *
984 1.925944091222185 RLFPFVFTV *
998 1.9013479947226417 RLFPFIFTV *
998 1.9291894105584009 RLFPFPFTV
#Total 157
